  Board.cpp
  Food.cpp
  Game.cpp
C:\Users\Ehmad\source\repos\Snake-Game\source-code\Food.cpp(24,15): warning C4244:  'argument': conversion from 'time_t' to 'unsigned int', possible loss of data
C:\Users\Ehmad\source\repos\Snake-Game\source-code\Game.cpp(83,1): error C4996:  'kbhit': The POSIX name for this item is deprecated. Instead, use the ISO C and C++ conformant name: _kbhit. See online help for details.
C:\Program Files (x86)\Windows Kits\10\Include\10.0.18362.0\ucrt\conio.h(459): message :  see declaration of 'kbhit'
C:\Users\Ehmad\source\repos\Snake-Game\source-code\Game.cpp(88,1): error C4996:  'getch': The POSIX name for this item is deprecated. Instead, use the ISO C and C++ conformant name: _getch. See online help for details.
C:\Program Files (x86)\Windows Kits\10\Include\10.0.18362.0\ucrt\conio.h(453): message :  see declaration of 'getch'
C:\Users\Ehmad\source\repos\Snake-Game\source-code\Game.cpp(100,1): error C4996:  'kbhit': The POSIX name for this item is deprecated. Instead, use the ISO C and C++ conformant name: _kbhit. See online help for details.
C:\Program Files (x86)\Windows Kits\10\Include\10.0.18362.0\ucrt\conio.h(459): message :  see declaration of 'kbhit'
C:\Users\Ehmad\source\repos\Snake-Game\source-code\Game.cpp(105,1): error C4996:  'getch': The POSIX name for this item is deprecated. Instead, use the ISO C and C++ conformant name: _getch. See online help for details.
  Input.cpp
  Menu.cpp
  Output.cpp
  Snake.cpp
C:\Program Files (x86)\Windows Kits\10\Include\10.0.18362.0\ucrt\conio.h(453): message :  see declaration of 'getch'
C:\Users\Ehmad\source\repos\Snake-Game\source-code\Snake.cpp(22,15): warning C4244:  'argument': conversion from 'time_t' to 'unsigned int', possible loss of data
C:\Users\Ehmad\source\repos\Snake-Game\source-code\Snake.cpp(106,23): warning C4018:  '<': signed/unsigned mismatch
  Generating Code...
C:\Users\Ehmad\source\repos\Snake-Game\source-code\Snake.cpp(115,15): warning C4244:  'argument': conversion from 'time_t' to 'unsigned int', possible loss of data
C:\Users\Ehmad\source\repos\Snake-Game\source-code\Snake.cpp(151): warning C4715:  'Snake::newYCoord': not all control paths return a value
C:\Users\Ehmad\source\repos\Snake-Game\source-code\Snake.cpp(142): warning C4715:  'Snake::newXCoord': not all control paths return a value
